<?xml version="1.0" encoding="UTF-8"?>
<!-- Generated by org.testng.reporters.JUnitReportReporter -->
<testsuite hostname="Vova-PC" name="com.testing.task.tests.PinTest" tests="6" failures="0" timestamp="27 Apr 2016 15:54:53 GMT" time="0.025" errors="0">
  <testcase name="thirdTryPinTest" time="0.002" classname="com.testing.task.tests.PinTest"/>
  <testcase name="firstTryPinTest" time="0.015" classname="com.testing.task.tests.PinTest"/>
  <testcase name="thirdTryPinTest" time="0.008" classname="com.testing.task.tests.PinTest"/>
  <testcase name="secondTryPinTest" time="0.000" classname="com.testing.task.tests.PinTest"/>
  <testcase name="firstTryPinTest" time="0.000" classname="com.testing.task.tests.PinTest"/>
  <testcase name="secondTryPinTest" time="0.000" classname="com.testing.task.tests.PinTest"/>
</testsuite> <!-- com.testing.task.tests.PinTest -->
